[2024-07-05 20:23:52] request.INFO: Matched route "admin_themes_enable". {"route":"admin_themes_enable","route_parameters":{"_route":"admin_themes_enable","_controller":"PrestaShopBundle\\Controller\\Admin\\Improve\\Design\\ThemeController::enableAction","_legacy_controller":"AdminThemes","_legacy_link":"AdminThemes:enableTheme","_legacy_parameters":{"theme_name":"themeName"},"themeName":"panda"},"request_uri":"http://localhost:8000/admin-backoffice/index.php/improve/design/themes/panda/enable?_token=os5qNr8RUCiqkBwov-LHzB9U9RuE2oytsMgi_xMUIZ8","method":"POST"} []
[2024-07-05 20:23:52] security.DEBUG: Read existing security token from the session. {"key":"_security_main","token_class":"Symfony\\Component\\Security\\Core\\Authentication\\Token\\UsernamePasswordToken"} []
[2024-07-05 20:23:52] security.DEBUG: User was reloaded from a user provider. {"provider":"PrestaShopBundle\\Security\\Admin\\EmployeeProvider","username":"eva@teoyleo.com"} []
[2024-07-05 20:23:53] app.ERROR: El m칩dulo no es v치lido y no se puede cargar. [] []
[2024-07-05 20:23:53] security.DEBUG: Stored the security token in the session. {"key":"_security_main"} []
[2024-07-05 20:25:14] request.INFO: Matched route "admin_themes_enable". {"route":"admin_themes_enable","route_parameters":{"_route":"admin_themes_enable","_controller":"PrestaShopBundle\\Controller\\Admin\\Improve\\Design\\ThemeController::enableAction","_legacy_controller":"AdminThemes","_legacy_link":"AdminThemes:enableTheme","_legacy_parameters":{"theme_name":"themeName"},"themeName":"panda"},"request_uri":"http://localhost:8000/admin-backoffice/index.php/improve/design/themes/panda/enable?_token=os5qNr8RUCiqkBwov-LHzB9U9RuE2oytsMgi_xMUIZ8","method":"POST"} []
[2024-07-05 20:25:14] security.DEBUG: Read existing security token from the session. {"key":"_security_main","token_class":"Symfony\\Component\\Security\\Core\\Authentication\\Token\\UsernamePasswordToken"} []
[2024-07-05 20:25:14] security.DEBUG: User was reloaded from a user provider. {"provider":"PrestaShopBundle\\Security\\Admin\\EmployeeProvider","username":"eva@teoyleo.com"} []
[2024-07-05 20:25:14] app.ERROR: El m칩dulo no es v치lido y no se puede cargar. [] []
[2024-07-05 20:25:14] security.DEBUG: Stored the security token in the session. {"key":"_security_main"} []
[2024-07-05 20:29:46] request.INFO: Matched route "admin_themes_import". {"route":"admin_themes_import","route_parameters":{"_route":"admin_themes_import","_controller":"PrestaShopBundle\\Controller\\Admin\\Improve\\Design\\ThemeController::importAction","_legacy_controller":"AdminThemes","_legacy_link":"AdminThemes:importtheme"},"request_uri":"http://localhost:8000/admin-backoffice/index.php/improve/design/themes/import?_token=os5qNr8RUCiqkBwov-LHzB9U9RuE2oytsMgi_xMUIZ8","method":"POST"} []
[2024-07-05 20:29:46] security.DEBUG: Read existing security token from the session. {"key":"_security_main","token_class":"Symfony\\Component\\Security\\Core\\Authentication\\Token\\UsernamePasswordToken"} []
[2024-07-05 20:29:46] security.DEBUG: User was reloaded from a user provider. {"provider":"PrestaShopBundle\\Security\\Admin\\EmployeeProvider","username":"eva@teoyleo.com"} []
[2024-07-05 20:29:47] app.ERROR: No result was found for query although at least one row was expected. {"object_type":"Translation"} []
[2024-07-05 20:29:47] app.ERROR: No result was found for query although at least one row was expected. {"object_type":"Translation"} []
[2024-07-05 20:29:47] app.ERROR: No result was found for query although at least one row was expected. {"object_type":"Translation"} []
[2024-07-05 20:29:47] app.ERROR: No result was found for query although at least one row was expected. {"object_type":"Translation"} []
[2024-07-05 20:29:47] app.ERROR: No result was found for query although at least one row was expected. {"object_type":"Translation"} []
[2024-07-05 20:29:47] app.ERROR: No result was found for query although at least one row was expected. {"object_type":"Translation"} []
[2024-07-05 20:29:47] app.ERROR: No result was found for query although at least one row was expected. {"object_type":"Translation"} []
[2024-07-05 20:29:47] app.ERROR: No result was found for query although at least one row was expected. {"object_type":"Translation"} []
[2024-07-05 20:29:47] app.ERROR: No result was found for query although at least one row was expected. {"object_type":"Translation"} []
[2024-07-05 20:29:47] app.ERROR: No result was found for query although at least one row was expected. {"object_type":"Translation"} []
[2024-07-05 20:29:47] app.ERROR: No result was found for query although at least one row was expected. {"object_type":"Translation"} []
[2024-07-05 20:29:47] app.ERROR: No result was found for query although at least one row was expected. {"object_type":"Translation"} []
[2024-07-05 20:29:47] app.ERROR: No result was found for query although at least one row was expected. {"object_type":"Translation"} []
[2024-07-05 20:29:47] app.ERROR: No result was found for query although at least one row was expected. {"object_type":"Translation"} []
[2024-07-05 20:29:47] app.ERROR: No result was found for query although at least one row was expected. {"object_type":"Translation"} []
[2024-07-05 20:29:47] app.ERROR: No result was found for query although at least one row was expected. {"object_type":"Translation"} []
[2024-07-05 20:29:47] app.ERROR: No result was found for query although at least one row was expected. {"object_type":"Translation"} []
[2024-07-05 20:29:47] app.ERROR: No result was found for query although at least one row was expected. {"object_type":"Translation"} []
[2024-07-05 20:29:47] app.ERROR: No result was found for query although at least one row was expected. {"object_type":"Translation"} []
[2024-07-05 20:29:47] app.ERROR: No result was found for query although at least one row was expected. {"object_type":"Translation"} []
[2024-07-05 20:29:47] app.ERROR: No result was found for query although at least one row was expected. {"object_type":"Translation"} []
[2024-07-05 20:29:47] app.ERROR: No result was found for query although at least one row was expected. {"object_type":"Translation"} []
[2024-07-05 20:29:47] app.ERROR: No result was found for query although at least one row was expected. {"object_type":"Translation"} []
[2024-07-05 20:29:47] app.ERROR: No result was found for query although at least one row was expected. {"object_type":"Translation"} []
[2024-07-05 20:29:47] app.ERROR: No result was found for query although at least one row was expected. {"object_type":"Translation"} []
[2024-07-05 20:29:47] app.ERROR: No result was found for query although at least one row was expected. {"object_type":"Translation"} []
[2024-07-05 20:29:47] app.ERROR: No result was found for query although at least one row was expected. {"object_type":"Translation"} []
[2024-07-05 20:29:47] app.ERROR: No result was found for query although at least one row was expected. {"object_type":"Translation"} []
[2024-07-05 20:29:47] app.ERROR: No result was found for query although at least one row was expected. {"object_type":"Translation"} []
[2024-07-05 20:29:47] app.ERROR: No result was found for query although at least one row was expected. {"object_type":"Translation"} []
[2024-07-05 20:29:47] app.ERROR: No result was found for query although at least one row was expected. {"object_type":"Translation"} []
[2024-07-05 20:29:47] app.ERROR: No result was found for query although at least one row was expected. {"object_type":"Translation"} []
[2024-07-05 20:29:47] app.ERROR: No result was found for query although at least one row was expected. {"object_type":"Translation"} []
[2024-07-05 20:29:47] app.ERROR: No result was found for query although at least one row was expected. {"object_type":"Translation"} []
[2024-07-05 20:29:47] app.ERROR: No result was found for query although at least one row was expected. {"object_type":"Translation"} []
[2024-07-05 20:29:47] app.ERROR: No result was found for query although at least one row was expected. {"object_type":"Translation"} []
[2024-07-05 20:29:47] app.ERROR: No result was found for query although at least one row was expected. {"object_type":"Translation"} []
[2024-07-05 20:29:47] app.ERROR: No result was found for query although at least one row was expected. {"object_type":"Translation"} []
[2024-07-05 20:29:47] app.ERROR: No result was found for query although at least one row was expected. {"object_type":"Translation"} []
[2024-07-05 20:29:47] app.ERROR: No result was found for query although at least one row was expected. {"object_type":"Translation"} []
[2024-07-05 20:29:47] app.ERROR: No result was found for query although at least one row was expected. {"object_type":"Translation"} []
[2024-07-05 20:29:47] app.ERROR: No result was found for query although at least one row was expected. {"object_type":"Translation"} []
[2024-07-05 20:29:47] app.ERROR: No result was found for query although at least one row was expected. {"object_type":"Translation"} []
[2024-07-05 20:29:47] app.ERROR: No result was found for query although at least one row was expected. {"object_type":"Translation"} []
[2024-07-05 20:29:47] app.ERROR: No result was found for query although at least one row was expected. {"object_type":"Translation"} []
[2024-07-05 20:29:47] app.ERROR: No result was found for query although at least one row was expected. {"object_type":"Translation"} []
[2024-07-05 20:29:47] app.ERROR: No result was found for query although at least one row was expected. {"object_type":"Translation"} []
[2024-07-05 20:29:47] app.ERROR: No result was found for query although at least one row was expected. {"object_type":"Translation"} []
[2024-07-05 20:29:47] app.ERROR: No result was found for query although at least one row was expected. {"object_type":"Translation"} []
[2024-07-05 20:29:47] app.ERROR: No result was found for query although at least one row was expected. {"object_type":"Translation"} []
[2024-07-05 20:29:47] app.ERROR: You must specify as many arguments (%d, %s ...) as the original string. {"object_type":"Translation"} []
[2024-07-05 20:29:47] app.ERROR: No result was found for query although at least one row was expected. {"object_type":"Translation"} []
[2024-07-05 20:29:47] app.ERROR: No result was found for query although at least one row was expected. {"object_type":"Translation"} []
[2024-07-05 20:29:47] app.ERROR: No result was found for query although at least one row was expected. {"object_type":"Translation"} []
[2024-07-05 20:29:47] app.ERROR: No result was found for query although at least one row was expected. {"object_type":"Translation"} []
[2024-07-05 20:29:47] app.ERROR: No result was found for query although at least one row was expected. {"object_type":"Translation"} []
[2024-07-05 20:29:47] app.ERROR: No result was found for query although at least one row was expected. {"object_type":"Translation"} []
[2024-07-05 20:29:47] app.ERROR: No result was found for query although at least one row was expected. {"object_type":"Translation"} []
[2024-07-05 20:29:47] app.ERROR: No result was found for query although at least one row was expected. {"object_type":"Translation"} []
[2024-07-05 20:29:47] app.ERROR: No result was found for query although at least one row was expected. {"object_type":"Translation"} []
[2024-07-05 20:29:47] app.ERROR: No result was found for query although at least one row was expected. {"object_type":"Translation"} []
[2024-07-05 20:29:47] app.ERROR: No result was found for query although at least one row was expected. {"object_type":"Translation"} []
[2024-07-05 20:29:47] app.ERROR: No result was found for query although at least one row was expected. {"object_type":"Translation"} []
[2024-07-05 20:29:47] app.ERROR: No result was found for query although at least one row was expected. {"object_type":"Translation"} []
[2024-07-05 20:29:47] app.ERROR: No result was found for query although at least one row was expected. {"object_type":"Translation"} []
[2024-07-05 20:29:47] app.ERROR: No result was found for query although at least one row was expected. {"object_type":"Translation"} []
[2024-07-05 20:29:47] app.ERROR: No result was found for query although at least one row was expected. {"object_type":"Translation"} []
[2024-07-05 20:29:47] app.ERROR: No result was found for query although at least one row was expected. {"object_type":"Translation"} []
[2024-07-05 20:29:47] app.ERROR: No result was found for query although at least one row was expected. {"object_type":"Translation"} []
[2024-07-05 20:29:47] app.ERROR: No result was found for query although at least one row was expected. {"object_type":"Translation"} []
[2024-07-05 20:29:47] app.ERROR: No result was found for query although at least one row was expected. {"object_type":"Translation"} []
[2024-07-05 20:29:47] app.ERROR: No result was found for query although at least one row was expected. {"object_type":"Translation"} []
[2024-07-05 20:29:47] app.ERROR: No result was found for query although at least one row was expected. {"object_type":"Translation"} []
[2024-07-05 20:29:47] app.ERROR: No result was found for query although at least one row was expected. {"object_type":"Translation"} []
[2024-07-05 20:29:47] app.ERROR: No result was found for query although at least one row was expected. {"object_type":"Translation"} []
[2024-07-05 20:29:47] app.ERROR: No result was found for query although at least one row was expected. {"object_type":"Translation"} []
[2024-07-05 20:29:47] app.ERROR: No result was found for query although at least one row was expected. {"object_type":"Translation"} []
[2024-07-05 20:29:47] app.ERROR: No result was found for query although at least one row was expected. {"object_type":"Translation"} []
[2024-07-05 20:29:47] app.ERROR: No result was found for query although at least one row was expected. {"object_type":"Translation"} []
[2024-07-05 20:29:47] app.ERROR: No result was found for query although at least one row was expected. {"object_type":"Translation"} []
[2024-07-05 20:29:47] app.ERROR: No result was found for query although at least one row was expected. {"object_type":"Translation"} []
[2024-07-05 20:29:47] app.ERROR: No result was found for query although at least one row was expected. {"object_type":"Translation"} []
[2024-07-05 20:29:47] app.ERROR: No result was found for query although at least one row was expected. {"object_type":"Translation"} []
[2024-07-05 20:29:47] app.ERROR: No result was found for query although at least one row was expected. {"object_type":"Translation"} []
[2024-07-05 20:29:47] app.ERROR: No result was found for query although at least one row was expected. {"object_type":"Translation"} []
[2024-07-05 20:29:47] app.ERROR: No result was found for query although at least one row was expected. {"object_type":"Translation"} []
[2024-07-05 20:29:47] app.ERROR: No result was found for query although at least one row was expected. {"object_type":"Translation"} []
[2024-07-05 20:29:47] app.ERROR: No result was found for query although at least one row was expected. {"object_type":"Translation"} []
[2024-07-05 20:29:47] app.ERROR: No result was found for query although at least one row was expected. {"object_type":"Translation"} []
[2024-07-05 20:29:47] app.ERROR: No result was found for query although at least one row was expected. {"object_type":"Translation"} []
[2024-07-05 20:29:47] app.ERROR: No result was found for query although at least one row was expected. {"object_type":"Translation"} []
[2024-07-05 20:29:47] app.ERROR: No result was found for query although at least one row was expected. {"object_type":"Translation"} []
[2024-07-05 20:29:47] app.ERROR: No result was found for query although at least one row was expected. {"object_type":"Translation"} []
[2024-07-05 20:29:47] app.ERROR: No result was found for query although at least one row was expected. {"object_type":"Translation"} []
[2024-07-05 20:29:47] app.ERROR: No result was found for query although at least one row was expected. {"object_type":"Translation"} []
[2024-07-05 20:29:47] app.ERROR: No result was found for query although at least one row was expected. {"object_type":"Translation"} []
[2024-07-05 20:29:47] app.ERROR: No result was found for query although at least one row was expected. {"object_type":"Translation"} []
[2024-07-05 20:29:47] app.ERROR: No result was found for query although at least one row was expected. {"object_type":"Translation"} []
[2024-07-05 20:29:47] app.ERROR: No result was found for query although at least one row was expected. {"object_type":"Translation"} []
[2024-07-05 20:29:47] app.ERROR: No result was found for query although at least one row was expected. {"object_type":"Translation"} []
[2024-07-05 20:29:47] app.ERROR: No result was found for query although at least one row was expected. {"object_type":"Translation"} []
[2024-07-05 20:29:47] app.ERROR: No result was found for query although at least one row was expected. {"object_type":"Translation"} []
[2024-07-05 20:29:47] app.ERROR: No result was found for query although at least one row was expected. {"object_type":"Translation"} []
[2024-07-05 20:29:47] app.ERROR: No result was found for query although at least one row was expected. {"object_type":"Translation"} []
[2024-07-05 20:29:47] app.ERROR: No result was found for query although at least one row was expected. {"object_type":"Translation"} []
[2024-07-05 20:29:47] app.ERROR: No result was found for query although at least one row was expected. {"object_type":"Translation"} []
[2024-07-05 20:29:47] app.ERROR: No result was found for query although at least one row was expected. {"object_type":"Translation"} []
[2024-07-05 20:29:47] app.ERROR: No result was found for query although at least one row was expected. {"object_type":"Translation"} []
[2024-07-05 20:29:47] app.ERROR: No result was found for query although at least one row was expected. {"object_type":"Translation"} []
[2024-07-05 20:29:47] app.ERROR: No result was found for query although at least one row was expected. {"object_type":"Translation"} []
[2024-07-05 20:29:47] app.ERROR: No result was found for query although at least one row was expected. {"object_type":"Translation"} []
[2024-07-05 20:29:47] app.ERROR: No result was found for query although at least one row was expected. {"object_type":"Translation"} []
[2024-07-05 20:29:47] app.ERROR: No result was found for query although at least one row was expected. {"object_type":"Translation"} []
[2024-07-05 20:29:47] app.ERROR: No result was found for query although at least one row was expected. {"object_type":"Translation"} []
[2024-07-05 20:29:47] app.ERROR: No result was found for query although at least one row was expected. {"object_type":"Translation"} []
[2024-07-05 20:29:47] app.ERROR: No result was found for query although at least one row was expected. {"object_type":"Translation"} []
[2024-07-05 20:29:47] app.ERROR: No result was found for query although at least one row was expected. {"object_type":"Translation"} []
[2024-07-05 20:29:47] app.ERROR: No result was found for query although at least one row was expected. {"object_type":"Translation"} []
[2024-07-05 20:29:47] app.ERROR: No result was found for query although at least one row was expected. {"object_type":"Translation"} []
[2024-07-05 20:29:47] app.ERROR: No result was found for query although at least one row was expected. {"object_type":"Translation"} []
[2024-07-05 20:29:47] app.ERROR: No result was found for query although at least one row was expected. {"object_type":"Translation"} []
[2024-07-05 20:29:47] app.ERROR: No result was found for query although at least one row was expected. {"object_type":"Translation"} []
[2024-07-05 20:29:47] app.ERROR: No result was found for query although at least one row was expected. {"object_type":"Translation"} []
[2024-07-05 20:29:47] app.ERROR: No result was found for query although at least one row was expected. {"object_type":"Translation"} []
[2024-07-05 20:29:47] app.ERROR: No result was found for query although at least one row was expected. {"object_type":"Translation"} []
[2024-07-05 20:29:47] app.ERROR: No result was found for query although at least one row was expected. {"object_type":"Translation"} []
[2024-07-05 20:29:47] app.ERROR: No result was found for query although at least one row was expected. {"object_type":"Translation"} []
[2024-07-05 20:29:47] app.ERROR: No result was found for query although at least one row was expected. {"object_type":"Translation"} []
[2024-07-05 20:29:47] app.ERROR: No result was found for query although at least one row was expected. {"object_type":"Translation"} []
[2024-07-05 20:29:47] app.ERROR: No result was found for query although at least one row was expected. {"object_type":"Translation"} []
[2024-07-05 20:29:47] app.ERROR: No result was found for query although at least one row was expected. {"object_type":"Translation"} []
[2024-07-05 20:29:47] app.ERROR: No result was found for query although at least one row was expected. {"object_type":"Translation"} []
[2024-07-05 20:29:47] app.ERROR: No result was found for query although at least one row was expected. {"object_type":"Translation"} []
[2024-07-05 20:29:47] app.ERROR: No result was found for query although at least one row was expected. {"object_type":"Translation"} []
[2024-07-05 20:29:47] app.ERROR: No result was found for query although at least one row was expected. {"object_type":"Translation"} []
[2024-07-05 20:29:47] app.ERROR: No result was found for query although at least one row was expected. {"object_type":"Translation"} []
[2024-07-05 20:29:47] app.ERROR: No result was found for query although at least one row was expected. {"object_type":"Translation"} []
[2024-07-05 20:29:47] app.ERROR: No result was found for query although at least one row was expected. {"object_type":"Translation"} []
[2024-07-05 20:29:47] app.ERROR: No result was found for query although at least one row was expected. {"object_type":"Translation"} []
[2024-07-05 20:29:47] app.ERROR: No result was found for query although at least one row was expected. {"object_type":"Translation"} []
[2024-07-05 20:29:47] app.ERROR: No result was found for query although at least one row was expected. {"object_type":"Translation"} []
[2024-07-05 20:29:47] app.ERROR: No result was found for query although at least one row was expected. {"object_type":"Translation"} []
[2024-07-05 20:29:47] app.ERROR: No result was found for query although at least one row was expected. {"object_type":"Translation"} []
[2024-07-05 20:29:47] app.ERROR: No result was found for query although at least one row was expected. {"object_type":"Translation"} []
[2024-07-05 20:29:47] app.ERROR: No result was found for query although at least one row was expected. {"object_type":"Translation"} []
[2024-07-05 20:29:47] app.ERROR: No result was found for query although at least one row was expected. {"object_type":"Translation"} []
[2024-07-05 20:29:47] app.ERROR: No result was found for query although at least one row was expected. {"object_type":"Translation"} []
[2024-07-05 20:29:47] app.ERROR: No result was found for query although at least one row was expected. {"object_type":"Translation"} []
[2024-07-05 20:29:47] app.ERROR: No result was found for query although at least one row was expected. {"object_type":"Translation"} []
[2024-07-05 20:29:47] app.ERROR: No result was found for query although at least one row was expected. {"object_type":"Translation"} []
[2024-07-05 20:29:47] app.ERROR: No result was found for query although at least one row was expected. {"object_type":"Translation"} []
[2024-07-05 20:29:47] app.ERROR: No result was found for query although at least one row was expected. {"object_type":"Translation"} []
[2024-07-05 20:29:47] app.ERROR: No result was found for query although at least one row was expected. {"object_type":"Translation"} []
[2024-07-05 20:29:47] app.ERROR: No result was found for query although at least one row was expected. {"object_type":"Translation"} []
[2024-07-05 20:29:47] app.ERROR: No result was found for query although at least one row was expected. {"object_type":"Translation"} []
[2024-07-05 20:29:47] app.ERROR: No result was found for query although at least one row was expected. {"object_type":"Translation"} []
[2024-07-05 20:29:47] app.ERROR: No result was found for query although at least one row was expected. {"object_type":"Translation"} []
[2024-07-05 20:29:47] app.ERROR: No result was found for query although at least one row was expected. {"object_type":"Translation"} []
[2024-07-05 20:29:47] app.ERROR: No result was found for query although at least one row was expected. {"object_type":"Translation"} []
[2024-07-05 20:29:47] app.ERROR: No result was found for query although at least one row was expected. {"object_type":"Translation"} []
[2024-07-05 20:29:47] app.ERROR: No result was found for query although at least one row was expected. {"object_type":"Translation"} []
[2024-07-05 20:29:47] app.ERROR: No result was found for query although at least one row was expected. {"object_type":"Translation"} []
[2024-07-05 20:29:47] app.ERROR: No result was found for query although at least one row was expected. {"object_type":"Translation"} []
[2024-07-05 20:29:47] app.ERROR: No result was found for query although at least one row was expected. {"object_type":"Translation"} []
[2024-07-05 20:29:47] app.ERROR: No result was found for query although at least one row was expected. {"object_type":"Translation"} []
[2024-07-05 20:29:47] app.ERROR: No result was found for query although at least one row was expected. {"object_type":"Translation"} []
[2024-07-05 20:29:47] app.ERROR: No result was found for query although at least one row was expected. {"object_type":"Translation"} []
[2024-07-05 20:29:47] app.ERROR: No result was found for query although at least one row was expected. {"object_type":"Translation"} []
[2024-07-05 20:29:47] app.ERROR: No result was found for query although at least one row was expected. {"object_type":"Translation"} []
[2024-07-05 20:29:47] app.ERROR: No result was found for query although at least one row was expected. {"object_type":"Translation"} []
[2024-07-05 20:29:47] app.ERROR: No result was found for query although at least one row was expected. {"object_type":"Translation"} []
[2024-07-05 20:29:47] app.ERROR: No result was found for query although at least one row was expected. {"object_type":"Translation"} []
[2024-07-05 20:29:47] app.ERROR: No result was found for query although at least one row was expected. {"object_type":"Translation"} []
[2024-07-05 20:29:47] app.ERROR: No result was found for query although at least one row was expected. {"object_type":"Translation"} []
[2024-07-05 20:29:47] app.ERROR: No result was found for query although at least one row was expected. {"object_type":"Translation"} []
[2024-07-05 20:29:47] app.ERROR: No result was found for query although at least one row was expected. {"object_type":"Translation"} []
[2024-07-05 20:29:47] app.ERROR: No result was found for query although at least one row was expected. {"object_type":"Translation"} []
[2024-07-05 20:29:47] app.ERROR: No result was found for query although at least one row was expected. {"object_type":"Translation"} []
[2024-07-05 20:29:47] app.ERROR: No result was found for query although at least one row was expected. {"object_type":"Translation"} []
[2024-07-05 20:29:47] app.ERROR: No result was found for query although at least one row was expected. {"object_type":"Translation"} []
[2024-07-05 20:29:47] app.ERROR: No result was found for query although at least one row was expected. {"object_type":"Translation"} []
[2024-07-05 20:29:47] app.ERROR: No result was found for query although at least one row was expected. {"object_type":"Translation"} []
[2024-07-05 20:29:47] app.ERROR: No result was found for query although at least one row was expected. {"object_type":"Translation"} []
[2024-07-05 20:29:47] app.ERROR: No result was found for query although at least one row was expected. {"object_type":"Translation"} []
[2024-07-05 20:29:47] app.ERROR: No result was found for query although at least one row was expected. {"object_type":"Translation"} []
[2024-07-05 20:29:47] app.ERROR: No result was found for query although at least one row was expected. {"object_type":"Translation"} []
[2024-07-05 20:29:47] app.ERROR: No result was found for query although at least one row was expected. {"object_type":"Translation"} []
[2024-07-05 20:29:47] app.ERROR: No result was found for query although at least one row was expected. {"object_type":"Translation"} []
[2024-07-05 20:29:47] app.ERROR: No result was found for query although at least one row was expected. {"object_type":"Translation"} []
[2024-07-05 20:29:47] app.ERROR: No result was found for query although at least one row was expected. {"object_type":"Translation"} []
[2024-07-05 20:29:47] app.ERROR: No result was found for query although at least one row was expected. {"object_type":"Translation"} []
[2024-07-05 20:29:47] app.ERROR: No result was found for query although at least one row was expected. {"object_type":"Translation"} []
[2024-07-05 20:29:47] app.ERROR: No result was found for query although at least one row was expected. {"object_type":"Translation"} []
[2024-07-05 20:29:47] app.ERROR: No result was found for query although at least one row was expected. {"object_type":"Translation"} []
[2024-07-05 20:29:47] app.ERROR: No result was found for query although at least one row was expected. {"object_type":"Translation"} []
[2024-07-05 20:29:47] app.ERROR: No result was found for query although at least one row was expected. {"object_type":"Translation"} []
[2024-07-05 20:29:48] app.ERROR: No result was found for query although at least one row was expected. {"object_type":"Translation"} []
[2024-07-05 20:29:48] app.ERROR: No result was found for query although at least one row was expected. {"object_type":"Translation"} []
[2024-07-05 20:29:48] app.ERROR: No result was found for query although at least one row was expected. {"object_type":"Translation"} []
[2024-07-05 20:29:48] app.ERROR: No result was found for query although at least one row was expected. {"object_type":"Translation"} []
[2024-07-05 20:29:48] app.ERROR: No result was found for query although at least one row was expected. {"object_type":"Translation"} []
[2024-07-05 20:29:48] app.ERROR: No result was found for query although at least one row was expected. {"object_type":"Translation"} []
[2024-07-05 20:29:48] app.ERROR: No result was found for query although at least one row was expected. {"object_type":"Translation"} []
[2024-07-05 20:29:48] app.ERROR: No result was found for query although at least one row was expected. {"object_type":"Translation"} []
[2024-07-05 20:29:48] app.ERROR: No result was found for query although at least one row was expected. {"object_type":"Translation"} []
[2024-07-05 20:29:48] app.ERROR: No result was found for query although at least one row was expected. {"object_type":"Translation"} []
[2024-07-05 20:29:48] app.ERROR: No result was found for query although at least one row was expected. {"object_type":"Translation"} []
[2024-07-05 20:29:48] app.ERROR: No result was found for query although at least one row was expected. {"object_type":"Translation"} []
[2024-07-05 20:29:48] app.ERROR: No result was found for query although at least one row was expected. {"object_type":"Translation"} []
[2024-07-05 20:29:48] app.ERROR: No result was found for query although at least one row was expected. {"object_type":"Translation"} []
[2024-07-05 20:29:48] app.ERROR: No result was found for query although at least one row was expected. {"object_type":"Translation"} []
[2024-07-05 20:29:48] app.ERROR: No result was found for query although at least one row was expected. {"object_type":"Translation"} []
[2024-07-05 20:29:48] app.ERROR: No result was found for query although at least one row was expected. {"object_type":"Translation"} []
[2024-07-05 20:29:48] app.ERROR: No result was found for query although at least one row was expected. {"object_type":"Translation"} []
[2024-07-05 20:29:48] app.ERROR: No result was found for query although at least one row was expected. {"object_type":"Translation"} []
[2024-07-05 20:29:48] app.ERROR: No result was found for query although at least one row was expected. {"object_type":"Translation"} []
[2024-07-05 20:29:48] app.ERROR: No result was found for query although at least one row was expected. {"object_type":"Translation"} []
[2024-07-05 20:29:48] app.ERROR: No result was found for query although at least one row was expected. {"object_type":"Translation"} []
[2024-07-05 20:29:48] app.ERROR: No result was found for query although at least one row was expected. {"object_type":"Translation"} []
[2024-07-05 20:29:48] app.ERROR: No result was found for query although at least one row was expected. {"object_type":"Translation"} []
[2024-07-05 20:29:48] app.ERROR: No result was found for query although at least one row was expected. {"object_type":"Translation"} []
[2024-07-05 20:29:48] app.ERROR: No result was found for query although at least one row was expected. {"object_type":"Translation"} []
[2024-07-05 20:29:48] app.ERROR: No result was found for query although at least one row was expected. {"object_type":"Translation"} []
[2024-07-05 20:29:48] app.ERROR: No result was found for query although at least one row was expected. {"object_type":"Translation"} []
[2024-07-05 20:29:48] app.ERROR: No result was found for query although at least one row was expected. {"object_type":"Translation"} []
[2024-07-05 20:29:48] app.ERROR: No result was found for query although at least one row was expected. {"object_type":"Translation"} []
[2024-07-05 20:29:48] app.ERROR: No result was found for query although at least one row was expected. {"object_type":"Translation"} []
[2024-07-05 20:29:48] app.ERROR: No result was found for query although at least one row was expected. {"object_type":"Translation"} []
[2024-07-05 20:29:48] app.ERROR: No result was found for query although at least one row was expected. {"object_type":"Translation"} []
[2024-07-05 20:29:48] app.ERROR: No result was found for query although at least one row was expected. {"object_type":"Translation"} []
[2024-07-05 20:29:48] app.ERROR: No result was found for query although at least one row was expected. {"object_type":"Translation"} []
[2024-07-05 20:29:48] app.ERROR: No result was found for query although at least one row was expected. {"object_type":"Translation"} []
[2024-07-05 20:29:48] app.ERROR: No result was found for query although at least one row was expected. {"object_type":"Translation"} []
[2024-07-05 20:29:48] app.ERROR: No result was found for query although at least one row was expected. {"object_type":"Translation"} []
[2024-07-05 20:29:48] app.ERROR: No result was found for query although at least one row was expected. {"object_type":"Translation"} []
[2024-07-05 20:29:48] app.ERROR: No result was found for query although at least one row was expected. {"object_type":"Translation"} []
[2024-07-05 20:29:48] app.ERROR: No result was found for query although at least one row was expected. {"object_type":"Translation"} []
[2024-07-05 20:29:48] app.ERROR: No result was found for query although at least one row was expected. {"object_type":"Translation"} []
[2024-07-05 20:29:48] app.ERROR: No result was found for query although at least one row was expected. {"object_type":"Translation"} []
[2024-07-05 20:29:48] app.ERROR: No result was found for query although at least one row was expected. {"object_type":"Translation"} []
[2024-07-05 20:29:48] app.ERROR: No result was found for query although at least one row was expected. {"object_type":"Translation"} []
[2024-07-05 20:29:48] app.ERROR: No result was found for query although at least one row was expected. {"object_type":"Translation"} []
[2024-07-05 20:29:48] app.ERROR: No result was found for query although at least one row was expected. {"object_type":"Translation"} []
[2024-07-05 20:29:48] app.ERROR: No result was found for query although at least one row was expected. {"object_type":"Translation"} []
[2024-07-05 20:29:48] app.ERROR: No result was found for query although at least one row was expected. {"object_type":"Translation"} []
[2024-07-05 20:29:48] app.ERROR: No result was found for query although at least one row was expected. {"object_type":"Translation"} []
[2024-07-05 20:29:48] app.ERROR: No result was found for query although at least one row was expected. {"object_type":"Translation"} []
[2024-07-05 20:29:48] app.ERROR: No result was found for query although at least one row was expected. {"object_type":"Translation"} []
[2024-07-05 20:29:48] app.ERROR: No result was found for query although at least one row was expected. {"object_type":"Translation"} []
[2024-07-05 20:29:48] app.ERROR: No result was found for query although at least one row was expected. {"object_type":"Translation"} []
[2024-07-05 20:29:48] app.ERROR: No result was found for query although at least one row was expected. {"object_type":"Translation"} []
[2024-07-05 20:29:48] app.ERROR: No result was found for query although at least one row was expected. {"object_type":"Translation"} []
[2024-07-05 20:29:48] app.ERROR: No result was found for query although at least one row was expected. {"object_type":"Translation"} []
[2024-07-05 20:29:48] app.ERROR: No result was found for query although at least one row was expected. {"object_type":"Translation"} []
[2024-07-05 20:29:48] app.ERROR: No result was found for query although at least one row was expected. {"object_type":"Translation"} []
[2024-07-05 20:29:48] app.ERROR: No result was found for query although at least one row was expected. {"object_type":"Translation"} []
[2024-07-05 20:29:48] app.ERROR: No result was found for query although at least one row was expected. {"object_type":"Translation"} []
[2024-07-05 20:29:48] app.ERROR: No result was found for query although at least one row was expected. {"object_type":"Translation"} []
[2024-07-05 20:29:48] app.ERROR: No result was found for query although at least one row was expected. {"object_type":"Translation"} []
[2024-07-05 20:29:48] app.ERROR: No result was found for query although at least one row was expected. {"object_type":"Translation"} []
[2024-07-05 20:29:48] app.ERROR: No result was found for query although at least one row was expected. {"object_type":"Translation"} []
[2024-07-05 20:29:48] app.ERROR: No result was found for query although at least one row was expected. {"object_type":"Translation"} []
[2024-07-05 20:29:48] app.ERROR: No result was found for query although at least one row was expected. {"object_type":"Translation"} []
[2024-07-05 20:29:48] app.ERROR: No result was found for query although at least one row was expected. {"object_type":"Translation"} []
[2024-07-05 20:29:48] app.ERROR: No result was found for query although at least one row was expected. {"object_type":"Translation"} []
[2024-07-05 20:29:48] app.ERROR: No result was found for query although at least one row was expected. {"object_type":"Translation"} []
[2024-07-05 20:29:48] app.ERROR: No result was found for query although at least one row was expected. {"object_type":"Translation"} []
[2024-07-05 20:29:48] app.ERROR: No result was found for query although at least one row was expected. {"object_type":"Translation"} []
[2024-07-05 20:29:48] app.ERROR: No result was found for query although at least one row was expected. {"object_type":"Translation"} []
[2024-07-05 20:29:48] app.ERROR: No result was found for query although at least one row was expected. {"object_type":"Translation"} []
[2024-07-05 20:29:48] app.ERROR: No result was found for query although at least one row was expected. {"object_type":"Translation"} []
[2024-07-05 20:29:48] app.ERROR: No result was found for query although at least one row was expected. {"object_type":"Translation"} []
[2024-07-05 20:29:48] app.ERROR: No result was found for query although at least one row was expected. {"object_type":"Translation"} []
[2024-07-05 20:29:48] app.ERROR: No result was found for query although at least one row was expected. {"object_type":"Translation"} []
[2024-07-05 20:29:48] app.ERROR: No result was found for query although at least one row was expected. {"object_type":"Translation"} []
[2024-07-05 20:29:48] app.ERROR: No result was found for query although at least one row was expected. {"object_type":"Translation"} []
[2024-07-05 20:29:48] app.ERROR: No result was found for query although at least one row was expected. {"object_type":"Translation"} []
[2024-07-05 20:29:48] app.ERROR: No result was found for query although at least one row was expected. {"object_type":"Translation"} []
[2024-07-05 20:29:48] app.ERROR: No result was found for query although at least one row was expected. {"object_type":"Translation"} []
[2024-07-05 20:29:48] app.ERROR: No result was found for query although at least one row was expected. {"object_type":"Translation"} []
[2024-07-05 20:29:48] app.ERROR: No result was found for query although at least one row was expected. {"object_type":"Translation"} []
[2024-07-05 20:29:48] app.ERROR: No result was found for query although at least one row was expected. {"object_type":"Translation"} []
[2024-07-05 20:29:48] app.ERROR: No result was found for query although at least one row was expected. {"object_type":"Translation"} []
[2024-07-05 20:29:48] app.ERROR: No result was found for query although at least one row was expected. {"object_type":"Translation"} []
[2024-07-05 20:29:48] app.ERROR: No result was found for query although at least one row was expected. {"object_type":"Translation"} []
[2024-07-05 20:29:48] app.ERROR: No result was found for query although at least one row was expected. {"object_type":"Translation"} []
[2024-07-05 20:29:48] app.ERROR: No result was found for query although at least one row was expected. {"object_type":"Translation"} []
[2024-07-05 20:29:48] app.ERROR: No result was found for query although at least one row was expected. {"object_type":"Translation"} []
[2024-07-05 20:29:48] app.ERROR: No result was found for query although at least one row was expected. {"object_type":"Translation"} []
[2024-07-05 20:29:48] app.ERROR: No result was found for query although at least one row was expected. {"object_type":"Translation"} []
[2024-07-05 20:29:48] app.ERROR: No result was found for query although at least one row was expected. {"object_type":"Translation"} []
[2024-07-05 20:29:48] app.ERROR: No result was found for query although at least one row was expected. {"object_type":"Translation"} []
[2024-07-05 20:29:48] app.ERROR: No result was found for query although at least one row was expected. {"object_type":"Translation"} []
[2024-07-05 20:29:48] app.ERROR: No result was found for query although at least one row was expected. {"object_type":"Translation"} []
[2024-07-05 20:29:48] app.ERROR: No result was found for query although at least one row was expected. {"object_type":"Translation"} []
[2024-07-05 20:29:48] app.ERROR: No result was found for query although at least one row was expected. {"object_type":"Translation"} []
[2024-07-05 20:29:48] app.ERROR: No result was found for query although at least one row was expected. {"object_type":"Translation"} []
[2024-07-05 20:29:48] app.ERROR: No result was found for query although at least one row was expected. {"object_type":"Translation"} []
[2024-07-05 20:29:48] app.ERROR: No result was found for query although at least one row was expected. {"object_type":"Translation"} []
[2024-07-05 20:29:48] app.ERROR: No result was found for query although at least one row was expected. {"object_type":"Translation"} []
[2024-07-05 20:29:48] app.ERROR: No result was found for query although at least one row was expected. {"object_type":"Translation"} []
[2024-07-05 20:29:48] app.ERROR: No result was found for query although at least one row was expected. {"object_type":"Translation"} []
[2024-07-05 20:29:48] app.ERROR: No result was found for query although at least one row was expected. {"object_type":"Translation"} []
[2024-07-05 20:29:48] app.ERROR: No result was found for query although at least one row was expected. {"object_type":"Translation"} []
[2024-07-05 20:29:48] app.ERROR: No result was found for query although at least one row was expected. {"object_type":"Translation"} []
[2024-07-05 20:29:48] app.ERROR: No result was found for query although at least one row was expected. {"object_type":"Translation"} []
[2024-07-05 20:29:48] app.ERROR: No result was found for query although at least one row was expected. {"object_type":"Translation"} []
[2024-07-05 20:29:48] app.ERROR: No result was found for query although at least one row was expected. {"object_type":"Translation"} []
[2024-07-05 20:29:48] app.ERROR: No result was found for query although at least one row was expected. {"object_type":"Translation"} []
[2024-07-05 20:29:48] app.ERROR: No result was found for query although at least one row was expected. {"object_type":"Translation"} []
[2024-07-05 20:29:48] app.ERROR: No result was found for query although at least one row was expected. {"object_type":"Translation"} []
[2024-07-05 20:29:48] app.ERROR: No result was found for query although at least one row was expected. {"object_type":"Translation"} []
[2024-07-05 20:29:48] app.ERROR: No result was found for query although at least one row was expected. {"object_type":"Translation"} []
[2024-07-05 20:29:48] app.ERROR: No result was found for query although at least one row was expected. {"object_type":"Translation"} []
[2024-07-05 20:29:48] app.ERROR: No result was found for query although at least one row was expected. {"object_type":"Translation"} []
[2024-07-05 20:29:48] app.ERROR: No result was found for query although at least one row was expected. {"object_type":"Translation"} []
[2024-07-05 20:29:48] app.ERROR: No result was found for query although at least one row was expected. {"object_type":"Translation"} []
[2024-07-05 20:29:48] app.ERROR: No result was found for query although at least one row was expected. {"object_type":"Translation"} []
[2024-07-05 20:29:48] app.ERROR: No result was found for query although at least one row was expected. {"object_type":"Translation"} []
[2024-07-05 20:29:48] app.ERROR: No result was found for query although at least one row was expected. {"object_type":"Translation"} []
[2024-07-05 20:29:48] app.ERROR: No result was found for query although at least one row was expected. {"object_type":"Translation"} []
[2024-07-05 20:29:48] app.ERROR: No result was found for query although at least one row was expected. {"object_type":"Translation"} []
[2024-07-05 20:29:48] app.ERROR: No result was found for query although at least one row was expected. {"object_type":"Translation"} []
[2024-07-05 20:29:48] app.ERROR: No result was found for query although at least one row was expected. {"object_type":"Translation"} []
[2024-07-05 20:29:48] app.ERROR: No result was found for query although at least one row was expected. {"object_type":"Translation"} []
[2024-07-05 20:29:48] app.ERROR: No result was found for query although at least one row was expected. {"object_type":"Translation"} []
[2024-07-05 20:29:48] app.ERROR: No result was found for query although at least one row was expected. {"object_type":"Translation"} []
[2024-07-05 20:29:48] app.ERROR: No result was found for query although at least one row was expected. {"object_type":"Translation"} []
[2024-07-05 20:29:48] app.ERROR: No result was found for query although at least one row was expected. {"object_type":"Translation"} []
[2024-07-05 20:29:48] app.ERROR: No result was found for query although at least one row was expected. {"object_type":"Translation"} []
[2024-07-05 20:29:48] app.ERROR: No result was found for query although at least one row was expected. {"object_type":"Translation"} []
[2024-07-05 20:29:48] app.ERROR: No result was found for query although at least one row was expected. {"object_type":"Translation"} []
[2024-07-05 20:29:48] app.ERROR: No result was found for query although at least one row was expected. {"object_type":"Translation"} []
[2024-07-05 20:29:48] app.ERROR: No result was found for query although at least one row was expected. {"object_type":"Translation"} []
[2024-07-05 20:29:48] app.ERROR: No result was found for query although at least one row was expected. {"object_type":"Translation"} []
[2024-07-05 20:29:48] app.ERROR: No result was found for query although at least one row was expected. {"object_type":"Translation"} []
[2024-07-05 20:29:48] app.ERROR: No result was found for query although at least one row was expected. {"object_type":"Translation"} []
[2024-07-05 20:29:48] app.ERROR: No result was found for query although at least one row was expected. {"object_type":"Translation"} []
[2024-07-05 20:29:48] app.ERROR: No result was found for query although at least one row was expected. {"object_type":"Translation"} []
[2024-07-05 20:29:48] app.ERROR: No result was found for query although at least one row was expected. {"object_type":"Translation"} []
[2024-07-05 20:29:48] app.ERROR: No result was found for query although at least one row was expected. {"object_type":"Translation"} []
[2024-07-05 20:29:48] app.ERROR: No result was found for query although at least one row was expected. {"object_type":"Translation"} []
[2024-07-05 20:29:48] app.ERROR: No result was found for query although at least one row was expected. {"object_type":"Translation"} []
[2024-07-05 20:29:48] app.ERROR: No result was found for query although at least one row was expected. {"object_type":"Translation"} []
[2024-07-05 20:29:48] app.ERROR: No result was found for query although at least one row was expected. {"object_type":"Translation"} []
[2024-07-05 20:29:48] app.ERROR: No result was found for query although at least one row was expected. {"object_type":"Translation"} []
[2024-07-05 20:29:48] app.ERROR: No result was found for query although at least one row was expected. {"object_type":"Translation"} []
[2024-07-05 20:29:48] app.ERROR: No result was found for query although at least one row was expected. {"object_type":"Translation"} []
[2024-07-05 20:29:48] app.ERROR: No result was found for query although at least one row was expected. {"object_type":"Translation"} []
[2024-07-05 20:29:48] app.ERROR: No result was found for query although at least one row was expected. {"object_type":"Translation"} []
[2024-07-05 20:29:48] app.ERROR: No result was found for query although at least one row was expected. {"object_type":"Translation"} []
[2024-07-05 20:29:48] app.ERROR: No result was found for query although at least one row was expected. {"object_type":"Translation"} []
[2024-07-05 20:29:48] app.ERROR: No result was found for query although at least one row was expected. {"object_type":"Translation"} []
[2024-07-05 20:29:48] app.ERROR: No result was found for query although at least one row was expected. {"object_type":"Translation"} []
[2024-07-05 20:29:48] app.ERROR: No result was found for query although at least one row was expected. {"object_type":"Translation"} []
[2024-07-05 20:29:48] app.ERROR: No result was found for query although at least one row was expected. {"object_type":"Translation"} []
[2024-07-05 20:29:48] app.ERROR: No result was found for query although at least one row was expected. {"object_type":"Translation"} []
[2024-07-05 20:29:48] app.ERROR: No result was found for query although at least one row was expected. {"object_type":"Translation"} []
[2024-07-05 20:29:48] app.ERROR: No result was found for query although at least one row was expected. {"object_type":"Translation"} []
[2024-07-05 20:29:48] app.ERROR: No result was found for query although at least one row was expected. {"object_type":"Translation"} []
[2024-07-05 20:29:48] app.ERROR: No result was found for query although at least one row was expected. {"object_type":"Translation"} []
[2024-07-05 20:29:48] app.ERROR: No result was found for query although at least one row was expected. {"object_type":"Translation"} []
[2024-07-05 20:29:48] app.ERROR: No result was found for query although at least one row was expected. {"object_type":"Translation"} []
[2024-07-05 20:29:48] app.ERROR: No result was found for query although at least one row was expected. {"object_type":"Translation"} []
[2024-07-05 20:29:48] app.ERROR: No result was found for query although at least one row was expected. {"object_type":"Translation"} []
[2024-07-05 20:29:48] app.ERROR: No result was found for query although at least one row was expected. {"object_type":"Translation"} []
[2024-07-05 20:29:48] app.ERROR: No result was found for query although at least one row was expected. {"object_type":"Translation"} []
[2024-07-05 20:29:48] app.ERROR: No result was found for query although at least one row was expected. {"object_type":"Translation"} []
[2024-07-05 20:29:48] app.ERROR: No result was found for query although at least one row was expected. {"object_type":"Translation"} []
[2024-07-05 20:29:48] app.ERROR: No result was found for query although at least one row was expected. {"object_type":"Translation"} []
[2024-07-05 20:29:48] app.ERROR: No result was found for query although at least one row was expected. {"object_type":"Translation"} []
[2024-07-05 20:29:48] app.ERROR: No result was found for query although at least one row was expected. {"object_type":"Translation"} []
[2024-07-05 20:29:48] app.ERROR: No result was found for query although at least one row was expected. {"object_type":"Translation"} []
[2024-07-05 20:29:48] app.ERROR: No result was found for query although at least one row was expected. {"object_type":"Translation"} []
[2024-07-05 20:29:48] app.ERROR: No result was found for query although at least one row was expected. {"object_type":"Translation"} []
[2024-07-05 20:29:48] app.ERROR: No result was found for query although at least one row was expected. {"object_type":"Translation"} []
[2024-07-05 20:29:48] app.ERROR: No result was found for query although at least one row was expected. {"object_type":"Translation"} []
[2024-07-05 20:29:48] app.ERROR: No result was found for query although at least one row was expected. {"object_type":"Translation"} []
[2024-07-05 20:29:48] app.ERROR: No result was found for query although at least one row was expected. {"object_type":"Translation"} []
[2024-07-05 20:29:48] app.ERROR: No result was found for query although at least one row was expected. {"object_type":"Translation"} []
[2024-07-05 20:29:48] app.ERROR: No result was found for query although at least one row was expected. {"object_type":"Translation"} []
[2024-07-05 20:29:48] app.ERROR: No result was found for query although at least one row was expected. {"object_type":"Translation"} []
[2024-07-05 20:29:48] app.ERROR: No result was found for query although at least one row was expected. {"object_type":"Translation"} []
[2024-07-05 20:29:48] security.DEBUG: Stored the security token in the session. {"key":"_security_main"} []
[2024-07-05 20:29:56] request.INFO: Matched route "admin_themes_enable". {"route":"admin_themes_enable","route_parameters":{"_route":"admin_themes_enable","_controller":"PrestaShopBundle\\Controller\\Admin\\Improve\\Design\\ThemeController::enableAction","_legacy_controller":"AdminThemes","_legacy_link":"AdminThemes:enableTheme","_legacy_parameters":{"theme_name":"themeName"},"themeName":"panda"},"request_uri":"http://localhost:8000/admin-backoffice/index.php/improve/design/themes/panda/enable?_token=os5qNr8RUCiqkBwov-LHzB9U9RuE2oytsMgi_xMUIZ8","method":"POST"} []
[2024-07-05 20:29:56] security.DEBUG: Read existing security token from the session. {"key":"_security_main","token_class":"Symfony\\Component\\Security\\Core\\Authentication\\Token\\UsernamePasswordToken"} []
[2024-07-05 20:29:56] security.DEBUG: User was reloaded from a user provider. {"provider":"PrestaShopBundle\\Security\\Admin\\EmployeeProvider","username":"eva@teoyleo.com"} []
[2024-07-05 20:29:56] app.INFO: Protect vendor folder in module stthemeeditor [] []
[2024-07-05 20:29:56] app.INFO: Module stthemeeditor has no vendor folder [] []
[2024-07-05 20:29:56] app.ERROR: Missing class name of tab [] []
[2024-07-05 20:29:56] app.ERROR: Missing class name of tab [] []
[2024-07-05 20:29:56] app.ERROR: Missing class name of tab [] []
[2024-07-05 20:29:56] app.ERROR: Missing class name of tab [] []
[2024-07-05 20:29:56] app.ERROR: Missing class name of tab [] []
[2024-07-05 20:29:56] app.ERROR: Missing class name of tab [] []
[2024-07-05 20:29:56] app.ERROR: Missing class name of tab [] []
[2024-07-05 20:29:56] app.ERROR: Missing class name of tab [] []
[2024-07-05 20:29:56] app.ERROR: Missing class name of tab [] []
[2024-07-05 20:29:56] app.ERROR: Missing class name of tab [] []
[2024-07-05 20:29:56] app.ERROR: Missing class name of tab [] []
[2024-07-05 20:29:56] app.ERROR: Missing class name of tab [] []
[2024-07-05 20:29:56] app.ERROR: Missing class name of tab [] []
[2024-07-05 20:29:56] app.ERROR: Missing class name of tab [] []
[2024-07-05 20:29:56] app.ERROR: Missing class name of tab [] []
[2024-07-05 20:29:56] app.ERROR: Missing class name of tab [] []
[2024-07-05 20:29:56] app.ERROR: Missing class name of tab [] []
[2024-07-05 20:29:56] app.ERROR: Missing class name of tab [] []
[2024-07-05 20:29:56] app.INFO: Protect vendor folder in module stcustomersignin [] []
[2024-07-05 20:29:56] app.INFO: Module stcustomersignin has no vendor folder [] []
[2024-07-05 20:29:56] app.INFO: Protect vendor folder in module stcurrencyselector [] []
[2024-07-05 20:29:56] app.INFO: Module stcurrencyselector has no vendor folder [] []
[2024-07-05 20:29:56] app.INFO: Protect vendor folder in module stlanguageselector [] []
[2024-07-05 20:29:56] app.INFO: Module stlanguageselector has no vendor folder [] []
[2024-07-05 20:29:56] app.INFO: Protect vendor folder in module stmultilink [] []
[2024-07-05 20:29:56] app.INFO: Module stmultilink has no vendor folder [] []
[2024-07-05 20:29:56] app.INFO: Protect vendor folder in module stsearchbar [] []
[2024-07-05 20:29:56] app.INFO: Module stsearchbar has no vendor folder [] []
[2024-07-05 20:29:56] app.INFO: Protect vendor folder in module stshoppingcart [] []
[2024-07-05 20:29:56] app.INFO: Module stshoppingcart has no vendor folder [] []
[2024-07-05 20:29:56] app.INFO: Protect vendor folder in module stmegamenu [] []
[2024-07-05 20:29:56] app.INFO: Module stmegamenu has no vendor folder [] []
[2024-07-05 20:29:57] app.INFO: Protect vendor folder in module stswiper [] []
[2024-07-05 20:29:57] app.INFO: Module stswiper has no vendor folder [] []
[2024-07-05 20:29:57] app.INFO: Protect vendor folder in module stowlcarousel [] []
[2024-07-05 20:29:57] app.INFO: Module stowlcarousel has no vendor folder [] []
[2024-07-05 20:29:57] app.INFO: Protect vendor folder in module sttags [] []
[2024-07-05 20:29:57] app.INFO: Module sttags has no vendor folder [] []
[2024-07-05 20:29:57] app.INFO: Protect vendor folder in module steasycontent [] []
[2024-07-05 20:29:57] app.INFO: Module steasycontent has no vendor folder [] []
[2024-07-05 20:29:57] app.INFO: Protect vendor folder in module stfeaturedslider [] []
[2024-07-05 20:29:57] app.INFO: Module stfeaturedslider has no vendor folder [] []
[2024-07-05 20:29:57] app.INFO: Protect vendor folder in module stfeaturedcategories [] []
[2024-07-05 20:29:57] app.INFO: Module stfeaturedcategories has no vendor folder [] []
[2024-07-05 20:29:57] app.INFO: Protect vendor folder in module sthomenew [] []
[2024-07-05 20:29:57] app.INFO: Module sthomenew has no vendor folder [] []
[2024-07-05 20:29:57] app.INFO: Protect vendor folder in module stblog [] []
[2024-07-05 20:29:57] app.INFO: Module stblog has no vendor folder [] []
[2024-07-05 20:29:57] app.INFO: Protect vendor folder in module stblogeditor [] []
[2024-07-05 20:29:57] app.INFO: Module stblogeditor has no vendor folder [] []
[2024-07-05 20:29:57] app.INFO: Protect vendor folder in module stblogfeaturedarticles [] []
[2024-07-05 20:29:57] app.INFO: Module stblogfeaturedarticles has no vendor folder [] []
[2024-07-05 20:29:57] app.INFO: Protect vendor folder in module stbanner [] []
[2024-07-05 20:29:57] app.INFO: Module stbanner has no vendor folder [] []
[2024-07-05 20:29:58] app.INFO: Protect vendor folder in module stbrandsslider [] []
[2024-07-05 20:29:58] app.INFO: Module stbrandsslider has no vendor folder [] []
[2024-07-05 20:29:58] app.INFO: Protect vendor folder in module stspecialslider [] []
[2024-07-05 20:29:58] app.INFO: Module stspecialslider has no vendor folder [] []
[2024-07-05 20:29:58] app.INFO: Protect vendor folder in module stblogrecentarticles [] []
[2024-07-05 20:29:58] app.INFO: Module stblogrecentarticles has no vendor folder [] []
[2024-07-05 20:29:58] app.INFO: Protect vendor folder in module stnewsletter [] []
[2024-07-05 20:29:58] app.INFO: Module stnewsletter has no vendor folder [] []
[2024-07-05 20:29:58] app.INFO: Protect vendor folder in module stbestsellers [] []
[2024-07-05 20:29:58] app.INFO: Module stbestsellers has no vendor folder [] []
[2024-07-05 20:29:58] app.INFO: Protect vendor folder in module stblogarchives [] []
[2024-07-05 20:29:58] app.INFO: Module stblogarchives has no vendor folder [] []
[2024-07-05 20:29:58] app.INFO: Protect vendor folder in module stblogblockcategory [] []
[2024-07-05 20:29:58] app.INFO: Module stblogblockcategory has no vendor folder [] []
[2024-07-05 20:29:58] app.INFO: Protect vendor folder in module stblogcomments [] []
[2024-07-05 20:29:58] app.INFO: Module stblogcomments has no vendor folder [] []
[2024-07-05 20:29:58] app.INFO: Protect vendor folder in module stbloglinknav [] []
[2024-07-05 20:29:58] app.INFO: Module stbloglinknav has no vendor folder [] []
[2024-07-05 20:29:58] app.INFO: Protect vendor folder in module stblogrelatedarticles [] []
[2024-07-05 20:29:58] app.INFO: Module stblogrelatedarticles has no vendor folder [] []
[2024-07-05 20:29:58] app.INFO: Protect vendor folder in module stblogsearch [] []
[2024-07-05 20:29:58] app.INFO: Module stblogsearch has no vendor folder [] []
[2024-07-05 20:29:58] app.INFO: Protect vendor folder in module stblogtags [] []
[2024-07-05 20:29:58] app.INFO: Module stblogtags has no vendor folder [] []
[2024-07-05 20:29:58] app.INFO: Protect vendor folder in module stcountdown [] []
[2024-07-05 20:29:58] app.INFO: Module stcountdown has no vendor folder [] []
[2024-07-05 20:29:58] app.INFO: Protect vendor folder in module stfblikebox [] []
[2024-07-05 20:29:58] app.INFO: Module stfblikebox has no vendor folder [] []
[2024-07-05 20:29:58] app.INFO: Protect vendor folder in module sthoverimage [] []
[2024-07-05 20:29:58] app.INFO: Module sthoverimage has no vendor folder [] []
[2024-07-05 20:29:58] app.INFO: Protect vendor folder in module stinstagram [] []
[2024-07-05 20:29:58] app.INFO: Module stinstagram has no vendor folder [] []
[2024-07-05 20:29:58] app.INFO: Protect vendor folder in module stlovedproduct [] []
[2024-07-05 20:29:58] app.INFO: Module stlovedproduct has no vendor folder [] []
[2024-07-05 20:29:58] app.INFO: Protect vendor folder in module stcompare [] []
[2024-07-05 20:29:58] app.INFO: Module stcompare has no vendor folder [] []
[2024-07-05 20:29:58] app.INFO: Protect vendor folder in module stnotification [] []
[2024-07-05 20:29:58] app.INFO: Module stnotification has no vendor folder [] []
[2024-07-05 20:29:58] app.INFO: Protect vendor folder in module stpagebanner [] []
[2024-07-05 20:29:58] app.INFO: Module stpagebanner has no vendor folder [] []
[2024-07-05 20:29:58] app.INFO: Protect vendor folder in module stproductcategoriesslider [] []
[2024-07-05 20:29:58] app.INFO: Module stproductcategoriesslider has no vendor folder [] []
[2024-07-05 20:29:58] app.INFO: Protect vendor folder in module stproductlinknav [] []
[2024-07-05 20:29:58] app.INFO: Module stproductlinknav has no vendor folder [] []
[2024-07-05 20:29:58] app.INFO: Protect vendor folder in module stqrcode [] []
[2024-07-05 20:29:58] app.INFO: Module stqrcode has no vendor folder [] []
[2024-07-05 20:29:58] app.INFO: Protect vendor folder in module strelatedproducts [] []
[2024-07-05 20:29:58] app.INFO: Module strelatedproducts has no vendor folder [] []
[2024-07-05 20:29:58] request.CRITICAL: Uncaught PHP Exception Symfony\Component\ErrorHandler\Error\FatalError: "Error: Maximum execution time of 30 seconds exceeded" at /Applications/XAMPP/xamppfiles/htdocs/tienda-prestashop/classes/db/DbPDO.php line 149 {"exception":"[object] (Symfony\\Component\\ErrorHandler\\Error\\FatalError(code: 0): Error: Maximum execution time of 30 seconds exceeded at /Applications/XAMPP/xamppfiles/htdocs/tienda-prestashop/classes/db/DbPDO.php:149)"} []
[2024-07-05 20:29:58] security.DEBUG: Stored the security token in the session. {"key":"_security_main"} []
